# JRE version: OpenJDK Runtime Environment (7.0_95) (build 1.7.0_95-b00)
# Java VM: OpenJDK 64-Bit Server VM (24.95-b01 mixed mode linux-amd64 compressed oops)
Heap
 PSYoungGen      total 204800K, used 8470K [0x00000000ecf00000, 0x00000000fa700000, 0x0000000100000000)
  eden space 192512K, 0% used [0x00000000ecf00000,0x00000000ecf00000,0x00000000f8b00000)
  from space 12288K, 68% used [0x00000000f8b00000,0x00000000f9345818,0x00000000f9700000)
  to   space 8192K, 0% used [0x00000000f9700000,0x00000000f9700000,0x00000000f9f00000)
 ParOldGen       total 38912K, used 27045K [0x00000000c6e00000, 0x00000000c9400000, 0x00000000ecf00000)
  object space 38912K, 69% used [0x00000000c6e00000,0x00000000c8869478,0x00000000c9400000)
 PSPermGen       total 47104K, used 46614K [0x00000000bc800000, 0x00000000bf600000, 0x00000000c6e00000)
  object space 47104K, 98% used [0x00000000bc800000,0x00000000bf5859b8,0x00000000bf600000)
GC Heap History (10 events):
Event: 3.888 GC heap after
Heap after GC invocations=6 (full 0):
 PSYoungGen      total 67072K, used 4031K [0x00000000ecf00000, 0x00000000f1700000, 0x0000000100000000)
  eden space 61440K, 0% used [0x00000000ecf00000,0x00000000ecf00000,0x00000000f0b00000)
  from space 5632K, 71% used [0x00000000f1180000,0x00000000f156fc68,0x00000000f1700000)
  to   space 6144K, 0% used [0x00000000f0b00000,0x00000000f0b00000,0x00000000f1100000)
 ParOldGen       total 38912K, used 8650K [0x00000000c6e00000, 0x00000000c9400000, 0x00000000ecf00000)
  object space 38912K, 22% used [0x00000000c6e00000,0x00000000c7672bb0,0x00000000c9400000)
 PSPermGen       total 21504K, used 16921K [0x00000000bc800000, 0x00000000bdd00000, 0x00000000c6e00000)
  object space 21504K, 78% used [0x00000000bc800000,0x00000000bd8864e0,0x00000000bdd00000)
}
Event: 4.735 GC heap before
{Heap before GC invocations=7 (full 0):
 PSYoungGen      total 67072K, used 65471K [0x00000000ecf00000, 0x00000000f1700000, 0x0000000100000000)
  eden space 61440K, 100% used [0x00000000ecf00000,0x00000000f0b00000,0x00000000f0b00000)
  from space 5632K, 71% used [0x00000000f1180000,0x00000000f156fc68,0x00000000f1700000)
  to   space 6144K, 0% used [0x00000000f0b00000,0x00000000f0b00000,0x00000000f1100000)
 ParOldGen       total 38912K, used 8650K [0x00000000c6e00000, 0x00000000c9400000, 0x00000000ecf00000)
  object space 38912K, 22% used [0x00000000c6e00000,0x00000000c7672bb0,0x00000000c9400000)
 PSPermGen       total 22016K, used 21679K [0x00000000bc800000, 0x00000000bdd80000, 0x00000000c6e00000)
  object space 22016K, 98% used [0x00000000bc800000,0x00000000bdd2bf68,0x00000000bdd80000)
Event: 4.746 GC heap after
Heap after GC invocations=7 (full 0):
 PSYoungGen      total 67584K, used 5453K [0x00000000ecf00000, 0x00000000f5400000, 0x0000000100000000)
  eden space 61440K, 0% used [0x00000000ecf00000,0x00000000ecf00000,0x00000000f0b00000)
  from space 6144K, 88% used [0x00000000f0b00000,0x00000000f10536d8,0x00000000f1100000)
  to   space 6656K, 0% used [0x00000000f4d80000,0x00000000f4d80000,0x00000000f5400000)
 ParOldGen       total 38912K, used 9143K [0x00000000c6e00000, 0x00000000c9400000, 0x00000000ecf00000)
  object space 38912K, 23% used [0x00000000c6e00000,0x00000000c76edc00,0x00000000c9400000)
 PSPermGen       total 22016K, used 21679K [0x00000000bc800000, 0x00000000bdd80000, 0x00000000c6e00000)
  object space 22016K, 98% used [0x00000000bc800000,0x00000000bdd2bf68,0x00000000bdd80000)
}
Event: 5.477 GC heap before
{Heap before GC invocations=8 (full 0):
 PSYoungGen      total 67584K, used 66893K [0x00000000ecf00000, 0x00000000f5400000, 0x0000000100000000)
  eden space 61440K, 100% used [0x00000000ecf00000,0x00000000f0b00000,0x00000000f0b00000)
  from space 6144K, 88% used [0x00000000f0b00000,0x00000000f10536d8,0x00000000f1100000)
  to   space 6656K, 0% used [0x00000000f4d80000,0x00000000f4d80000,0x00000000f5400000)
 ParOldGen       total 38912K, used 9143K [0x00000000c6e00000, 0x00000000c9400000, 0x00000000ecf00000)
  object space 38912K, 23% used [0x00000000c6e00000,0x00000000c76edc00,0x00000000c9400000)
 PSPermGen       total 24576K, used 24108K [0x00000000bc800000, 0x00000000be000000, 0x00000000c6e00000)
  object space 24576K, 98% used [0x00000000bc800000,0x00000000bdf8b248,0x00000000be000000)
Event: 5.486 GC heap after
Heap after GC invocations=8 (full 0):
 PSYoungGen      total 129536K, used 3918K [0x00000000ecf00000, 0x00000000f5400000, 0x0000000100000000)
  eden space 122880K, 0% used [0x00000000ecf00000,0x00000000ecf00000,0x00000000f4700000)
  from space 6656K, 58% used [0x00000000f4d80000,0x00000000f51539d8,0x00000000f5400000)
  to   space 6656K, 0% used [0x00000000f4700000,0x00000000f4700000,0x00000000f4d80000)
 ParOldGen       total 38912K, used 9782K [0x00000000c6e00000, 0x00000000c9400000, 0x00000000ecf00000)
  object space 38912K, 25% used [0x00000000c6e00000,0x00000000c778d8c0,0x00000000c9400000)
 PSPermGen       total 24576K, used 24108K [0x00000000bc800000, 0x00000000be000000, 0x00000000c6e00000)
  object space 24576K, 98% used [0x00000000bc800000,0x00000000bdf8b248,0x00000000be000000)
}
Event: 6.669 GC heap before
{Heap before GC invocations=9 (full 0):
 PSYoungGen      total 129536K, used 126798K [0x00000000ecf00000, 0x00000000f5400000, 0x0000000100000000)
  eden space 122880K, 100% used [0x00000000ecf00000,0x00000000f4700000,0x00000000f4700000)
  from space 6656K, 58% used [0x00000000f4d80000,0x00000000f51539d8,0x00000000f5400000)
  to   space 6656K, 0% used [0x00000000f4700000,0x00000000f4700000,0x00000000f4d80000)
 ParOldGen       total 38912K, used 9782K [0x00000000c6e00000, 0x00000000c9400000, 0x00000000ecf00000)
  object space 38912K, 25% used [0x00000000c6e00000,0x00000000c778d8c0,0x00000000c9400000)
 PSPermGen       total 29696K, used 29306K [0x00000000bc800000, 0x00000000be500000, 0x00000000c6e00000)
  object space 29696K, 98% used [0x00000000bc800000,0x00000000be49e970,0x00000000be500000)
Event: 6.680 GC heap after
Heap after GC invocations=9 (full 0):
 PSYoungGen      total 129536K, used 6632K [0x00000000ecf00000, 0x00000000f9f00000, 0x0000000100000000)
  eden space 122880K, 0% used [0x00000000ecf00000,0x00000000ecf00000,0x00000000f4700000)
  from space 6656K, 99% used [0x00000000f4700000,0x00000000f4d7a1e8,0x00000000f4d80000)
  to   space 8192K, 0% used [0x00000000f9700000,0x00000000f9700000,0x00000000f9f00000)
 ParOldGen       total 38912K, used 12518K [0x00000000c6e00000, 0x00000000c9400000, 0x00000000ecf00000)
  object space 38912K, 32% used [0x00000000c6e00000,0x00000000c7a398d8,0x00000000c9400000)
 PSPermGen       total 29696K, used 29306K [0x00000000bc800000, 0x00000000be500000, 0x00000000c6e00000)
  object space 29696K, 98% used [0x00000000bc800000,0x00000000be49e970,0x00000000be500000)
}
Event: 10.673 GC heap before
{Heap before GC invocations=10 (full 0):
 PSYoungGen      total 129536K, used 129512K [0x00000000ecf00000, 0x00000000f9f00000, 0x0000000100000000)
  eden space 122880K, 100% used [0x00000000ecf00000,0x00000000f4700000,0x00000000f4700000)
  from space 6656K, 99% used [0x00000000f4700000,0x00000000f4d7a1e8,0x00000000f4d80000)
  to   space 8192K, 0% used [0x00000000f9700000,0x00000000f9700000,0x00000000f9f00000)
 ParOldGen       total 38912K, used 12518K [0x00000000c6e00000, 0x00000000c9400000, 0x00000000ecf00000)
  object space 38912K, 32% used [0x00000000c6e00000,0x00000000c7a398d8,0x00000000c9400000)
 PSPermGen       total 40448K, used 40397K [0x00000000bc800000, 0x00000000bef80000, 0x00000000c6e00000)
  object space 40448K, 99% used [0x00000000bc800000,0x00000000bef73628,0x00000000bef80000)
Event: 10.696 GC heap after
Heap after GC invocations=10 (full 0):
 PSYoungGen      total 200704K, used 8178K [0x00000000ecf00000, 0x00000000fa700000, 0x0000000100000000)
  eden space 192512K, 0% used [0x00000000ecf00000,0x00000000ecf00000,0x00000000f8b00000)
  from space 8192K, 99% used [0x00000000f9700000,0x00000000f9efc8b8,0x00000000f9f00000)
  to   space 12288K, 0% used [0x00000000f8b00000,0x00000000f8b00000,0x00000000f9700000)
 ParOldGen       total 38912K, used 20201K [0x00000000c6e00000, 0x00000000c9400000, 0x00000000ecf00000)
  object space 38912K, 51% used [0x00000000c6e00000,0x00000000c81ba658,0x00000000c9400000)
 PSPermGen       total 40448K, used 40397K [0x00000000bc800000, 0x00000000bef80000, 0x00000000c6e00000)
  object space 40448K, 99% used [0x00000000bc800000,0x00000000bef73628,0x00000000bef80000)
}
Event: 19.891 GC heap before
{Heap before GC invocations=11 (full 0):
 PSYoungGen      total 200704K, used 200690K [0x00000000ecf00000, 0x00000000fa700000, 0x0000000100000000)
  eden space 192512K, 100% used [0x00000000ecf00000,0x00000000f8b00000,0x00000000f8b00000)
  from space 8192K, 99% used [0x00000000f9700000,0x00000000f9efc8b8,0x00000000f9f00000)
  to   space 12288K, 0% used [0x00000000f8b00000,0x00000000f8b00000,0x00000000f9700000)
 ParOldGen       total 38912K, used 20201K [0x00000000c6e00000, 0x00000000c9400000, 0x00000000ecf00000)
  object space 38912K, 51% used [0x00000000c6e00000,0x00000000c81ba658,0x00000000c9400000)
 PSPermGen       total 47104K, used 46614K [0x00000000bc800000, 0x00000000bf600000, 0x00000000c6e00000)
  object space 47104K, 98% used [0x00000000bc800000,0x00000000bf5859b8,0x00000000bf600000)

